<?xml version="1.0" encoding="UTF-8"?>
<!-- Generated by org.testng.reporters.JUnitReportReporter -->
<testsuite skipped="0" hostname="DESKTOP-73BURMK" name="appiumtests.Launch_Browser" tests="1" failures="0" timestamp="2019-09-26T16:14:43 IST" time="8.729" errors="0">
  <testcase name="launchApplication" time="8.729" classname="appiumtests.Launch_Browser"/>
</testsuite> <!-- appiumtests.Launch_Browser -->
